2021-02-06 13:32:08 [127.0.0.1][-][-][error][yii\web\HttpException:404] yii\base\InvalidRouteException: Unable to resolve the request "". in D:\OpenServer\domains\chat\vendor\yiisoft\yii2\base\Module.php:543
Stack trace:
#0 D:\OpenServer\domains\chat\vendor\yiisoft\yii2\web\Application.php(104): yii\base\Module->runAction('', Array)
#1 D:\OpenServer\domains\chat\vendor\yiisoft\yii2\base\Application.php(392): yii\web\Application->handleRequest(Object(yii\web\Request))
#2 D:\OpenServer\domains\chat\web\index.php(12): yii\base\Application->run()
#3 {main}

Next yii\web\NotFoundHttpException: Page not found. in D:\OpenServer\domains\chat\vendor\yiisoft\yii2\web\Application.php:116
Stack trace:
#0 D:\OpenServer\domains\chat\vendor\yiisoft\yii2\base\Application.php(392): yii\web\Application->handleRequest(Object(yii\web\Request))
#1 D:\OpenServer\domains\chat\web\index.php(12): yii\base\Application->run()
#2 {main}
2021-02-06 13:32:08 [127.0.0.1][-][-][info][application] $_GET = []

$_POST = []

$_FILES = []

$_COOKIE = [
    'PHPSESSID' => 'gg1jdpanuq1p4qk1a8hcdp3vunljaggm'
    '_csrf' => '7a715286f876e415f0ae289d8f3014974a85183b295bcd0b05c2fe53c427a79ca:2:{i:0;s:5:\"_csrf\";i:1;s:32:\"x9jsTvdNnFTPN020O-ie3ldUiDMAXg8S\";}'
]

$_SESSION = [
    '__flash' => []
]

$_SERVER = [
    'HTTP_HOST' => 'chat'
    'HTTP_CONNECTION' => 'keep-alive'
    'HTTP_UPGRADE_INSECURE_REQUESTS' => '1'
    'HTTP_USER_AGENT' => 'Mozilla/5.0 (Windows NT 10.0; WOW64) AppleWebKit/537.36 (KHTML, like Gecko) Chrome/55.0.2883.75 Safari/537.36'
    'HTTP_ACCEPT' => 'text/html,application/xhtml+xml,application/xml;q=0.9,image/webp,*/*;q=0.8'
    'HTTP_REFERER' => 'http://chat/web/site/index'
    'HTTP_ACCEPT_ENCODING' => 'gzip, deflate, sdch'
    'HTTP_ACCEPT_LANGUAGE' => 'ru,en-US;q=0.8,en;q=0.6'
    'HTTP_COOKIE' => 'PHPSESSID=gg1jdpanuq1p4qk1a8hcdp3vunljaggm; _csrf=7a715286f876e415f0ae289d8f3014974a85183b295bcd0b05c2fe53c427a79ca%3A2%3A%7Bi%3A0%3Bs%3A5%3A%22_csrf%22%3Bi%3A1%3Bs%3A32%3A%22x9jsTvdNnFTPN020O-ie3ldUiDMAXg8S%22%3B%7D'
    'PATH' => 'd:\\openserver\\modules\\php\\PHP-7.1-x64\\ext;d:\\openserver\\modules\\php\\PHP-7.1-x64\\pear;d:\\openserver\\modules\\php\\PHP-7.1-x64\\pear\\bin;d:\\openserver\\modules\\php\\PHP-7.1-x64;d:\\openserver\\modules\\imagemagick;d:\\openserver\\modules\\wget\\bin;d:\\openserver\\modules\\git;d:\\openserver\\modules\\git\\bin;d:\\openserver\\modules\\git\\mingw\\bin;d:\\openserver\\modules\\git\\cmd;d:\\openserver\\modules\\database\\MySQL-5.7-x64\\bin;d:\\openserver\\modules\\http\\Apache-PHP-7-x64\\bin;d:\\openserver\\modules\\http\\Apache-PHP-7-x64;C:\\WINDOWS\\system32;C:\\WINDOWS;C:\\WINDOWS\\system32\\Wbem;C:\\WINDOWS\\SysWOW64'
    'SystemRoot' => 'C:\\WINDOWS'
    'COMSPEC' => 'C:\\WINDOWS\\system32\\cmd.exe'
    'PATHEXT' => '.COM;.EXE;.BAT;.CMD;.VBS;.VBE;.JS;.JSE;.WSF;.WSH;.MSC'
    'WINDIR' => 'C:\\WINDOWS'
    'SERVER_SIGNATURE' => ''
    'SERVER_SOFTWARE' => 'Apache'
    'SERVER_NAME' => 'chat'
    'SERVER_ADDR' => '127.0.0.1'
    'SERVER_PORT' => '80'
    'REMOTE_ADDR' => '127.0.0.1'
    'DOCUMENT_ROOT' => 'D:/OpenServer/domains/chat'
    'REQUEST_SCHEME' => 'http'
    'CONTEXT_PREFIX' => ''
    'CONTEXT_DOCUMENT_ROOT' => 'D:/OpenServer/domains/chat'
    'SERVER_ADMIN' => '[no address given]'
    'SCRIPT_FILENAME' => 'D:/OpenServer/domains/chat/web/index.php'
    'REMOTE_PORT' => '1069'
    'GATEWAY_INTERFACE' => 'CGI/1.1'
    'SERVER_PROTOCOL' => 'HTTP/1.1'
    'REQUEST_METHOD' => 'GET'
    'QUERY_STRING' => ''
    'REQUEST_URI' => '/web/'
    'SCRIPT_NAME' => '/web/index.php'
    'PHP_SELF' => '/web/index.php'
    'REQUEST_TIME_FLOAT' => 1612607528.514
    'REQUEST_TIME' => 1612607528
    'argv' => []
    'argc' => 0
]
2021-02-06 13:32:10 [127.0.0.1][-][-][error][yii\web\HttpException:404] yii\base\InvalidRouteException: Unable to resolve the request "". in D:\OpenServer\domains\chat\vendor\yiisoft\yii2\base\Module.php:543
Stack trace:
#0 D:\OpenServer\domains\chat\vendor\yiisoft\yii2\web\Application.php(104): yii\base\Module->runAction('', Array)
#1 D:\OpenServer\domains\chat\vendor\yiisoft\yii2\base\Application.php(392): yii\web\Application->handleRequest(Object(yii\web\Request))
#2 D:\OpenServer\domains\chat\web\index.php(12): yii\base\Application->run()
#3 {main}

Next yii\web\NotFoundHttpException: Page not found. in D:\OpenServer\domains\chat\vendor\yiisoft\yii2\web\Application.php:116
Stack trace:
#0 D:\OpenServer\domains\chat\vendor\yiisoft\yii2\base\Application.php(392): yii\web\Application->handleRequest(Object(yii\web\Request))
#1 D:\OpenServer\domains\chat\web\index.php(12): yii\base\Application->run()
#2 {main}
2021-02-06 13:32:10 [127.0.0.1][-][-][info][application] $_GET = []

$_POST = []

$_FILES = []

$_COOKIE = [
    'PHPSESSID' => 'gg1jdpanuq1p4qk1a8hcdp3vunljaggm'
    '_csrf' => '7a715286f876e415f0ae289d8f3014974a85183b295bcd0b05c2fe53c427a79ca:2:{i:0;s:5:\"_csrf\";i:1;s:32:\"x9jsTvdNnFTPN020O-ie3ldUiDMAXg8S\";}'
]

$_SESSION = [
    '__flash' => []
]

$_SERVER = [
    'HTTP_HOST' => 'chat'
    'HTTP_CONNECTION' => 'keep-alive'
    'HTTP_CACHE_CONTROL' => 'max-age=0'
    'HTTP_UPGRADE_INSECURE_REQUESTS' => '1'
    'HTTP_USER_AGENT' => 'Mozilla/5.0 (Windows NT 10.0; WOW64) AppleWebKit/537.36 (KHTML, like Gecko) Chrome/55.0.2883.75 Safari/537.36'
    'HTTP_ACCEPT' => 'text/html,application/xhtml+xml,application/xml;q=0.9,image/webp,*/*;q=0.8'
    'HTTP_REFERER' => 'http://chat/web/site/index'
    'HTTP_ACCEPT_ENCODING' => 'gzip, deflate, sdch'
    'HTTP_ACCEPT_LANGUAGE' => 'ru,en-US;q=0.8,en;q=0.6'
    'HTTP_COOKIE' => 'PHPSESSID=gg1jdpanuq1p4qk1a8hcdp3vunljaggm; _csrf=7a715286f876e415f0ae289d8f3014974a85183b295bcd0b05c2fe53c427a79ca%3A2%3A%7Bi%3A0%3Bs%3A5%3A%22_csrf%22%3Bi%3A1%3Bs%3A32%3A%22x9jsTvdNnFTPN020O-ie3ldUiDMAXg8S%22%3B%7D'
    'PATH' => 'd:\\openserver\\modules\\php\\PHP-7.1-x64\\ext;d:\\openserver\\modules\\php\\PHP-7.1-x64\\pear;d:\\openserver\\modules\\php\\PHP-7.1-x64\\pear\\bin;d:\\openserver\\modules\\php\\PHP-7.1-x64;d:\\openserver\\modules\\imagemagick;d:\\openserver\\modules\\wget\\bin;d:\\openserver\\modules\\git;d:\\openserver\\modules\\git\\bin;d:\\openserver\\modules\\git\\mingw\\bin;d:\\openserver\\modules\\git\\cmd;d:\\openserver\\modules\\database\\MySQL-5.7-x64\\bin;d:\\openserver\\modules\\http\\Apache-PHP-7-x64\\bin;d:\\openserver\\modules\\http\\Apache-PHP-7-x64;C:\\WINDOWS\\system32;C:\\WINDOWS;C:\\WINDOWS\\system32\\Wbem;C:\\WINDOWS\\SysWOW64'
    'SystemRoot' => 'C:\\WINDOWS'
    'COMSPEC' => 'C:\\WINDOWS\\system32\\cmd.exe'
    'PATHEXT' => '.COM;.EXE;.BAT;.CMD;.VBS;.VBE;.JS;.JSE;.WSF;.WSH;.MSC'
    'WINDIR' => 'C:\\WINDOWS'
    'SERVER_SIGNATURE' => ''
    'SERVER_SOFTWARE' => 'Apache'
    'SERVER_NAME' => 'chat'
    'SERVER_ADDR' => '127.0.0.1'
    'SERVER_PORT' => '80'
    'REMOTE_ADDR' => '127.0.0.1'
    'DOCUMENT_ROOT' => 'D:/OpenServer/domains/chat'
    'REQUEST_SCHEME' => 'http'
    'CONTEXT_PREFIX' => ''
    'CONTEXT_DOCUMENT_ROOT' => 'D:/OpenServer/domains/chat'
    'SERVER_ADMIN' => '[no address given]'
    'SCRIPT_FILENAME' => 'D:/OpenServer/domains/chat/web/index.php'
    'REMOTE_PORT' => '1070'
    'GATEWAY_INTERFACE' => 'CGI/1.1'
    'SERVER_PROTOCOL' => 'HTTP/1.1'
    'REQUEST_METHOD' => 'GET'
    'QUERY_STRING' => ''
    'REQUEST_URI' => '/web/'
    'SCRIPT_NAME' => '/web/index.php'
    'PHP_SELF' => '/web/index.php'
    'REQUEST_TIME_FLOAT' => 1612607530.868
    'REQUEST_TIME' => 1612607530
    'argv' => []
    'argc' => 0
]
2021-02-06 13:34:49 [127.0.0.1][-][-][error][yii\web\HttpException:404] yii\base\InvalidRouteException: Unable to resolve the request "site/index". in D:\OpenServer\domains\chat\vendor\yiisoft\yii2\base\Module.php:543
Stack trace:
#0 D:\OpenServer\domains\chat\vendor\yiisoft\yii2\web\Application.php(104): yii\base\Module->runAction('site/index', Array)
#1 D:\OpenServer\domains\chat\vendor\yiisoft\yii2\base\Application.php(392): yii\web\Application->handleRequest(Object(yii\web\Request))
#2 D:\OpenServer\domains\chat\web\index.php(12): yii\base\Application->run()
#3 {main}

Next yii\web\NotFoundHttpException: Page not found. in D:\OpenServer\domains\chat\vendor\yiisoft\yii2\web\Application.php:116
Stack trace:
#0 D:\OpenServer\domains\chat\vendor\yiisoft\yii2\base\Application.php(392): yii\web\Application->handleRequest(Object(yii\web\Request))
#1 D:\OpenServer\domains\chat\web\index.php(12): yii\base\Application->run()
#2 {main}
2021-02-06 13:34:48 [127.0.0.1][-][-][info][application] $_GET = []

$_POST = []

$_FILES = []

$_COOKIE = [
    'PHPSESSID' => 'gg1jdpanuq1p4qk1a8hcdp3vunljaggm'
    '_csrf' => '7a715286f876e415f0ae289d8f3014974a85183b295bcd0b05c2fe53c427a79ca:2:{i:0;s:5:\"_csrf\";i:1;s:32:\"x9jsTvdNnFTPN020O-ie3ldUiDMAXg8S\";}'
]

$_SESSION = [
    '__flash' => []
]

$_SERVER = [
    'REDIRECT_STATUS' => '200'
    'HTTP_HOST' => 'chat'
    'HTTP_CONNECTION' => 'keep-alive'
    'HTTP_UPGRADE_INSECURE_REQUESTS' => '1'
    'HTTP_USER_AGENT' => 'Mozilla/5.0 (Windows NT 10.0; WOW64) AppleWebKit/537.36 (KHTML, like Gecko) Chrome/55.0.2883.75 Safari/537.36'
    'HTTP_ACCEPT' => 'text/html,application/xhtml+xml,application/xml;q=0.9,image/webp,*/*;q=0.8'
    'HTTP_REFERER' => 'http://chat/web/site/about'
    'HTTP_ACCEPT_ENCODING' => 'gzip, deflate, sdch'
    'HTTP_ACCEPT_LANGUAGE' => 'ru,en-US;q=0.8,en;q=0.6'
    'HTTP_COOKIE' => 'PHPSESSID=gg1jdpanuq1p4qk1a8hcdp3vunljaggm; _csrf=7a715286f876e415f0ae289d8f3014974a85183b295bcd0b05c2fe53c427a79ca%3A2%3A%7Bi%3A0%3Bs%3A5%3A%22_csrf%22%3Bi%3A1%3Bs%3A32%3A%22x9jsTvdNnFTPN020O-ie3ldUiDMAXg8S%22%3B%7D'
    'PATH' => 'd:\\openserver\\modules\\php\\PHP-7.1-x64\\ext;d:\\openserver\\modules\\php\\PHP-7.1-x64\\pear;d:\\openserver\\modules\\php\\PHP-7.1-x64\\pear\\bin;d:\\openserver\\modules\\php\\PHP-7.1-x64;d:\\openserver\\modules\\imagemagick;d:\\openserver\\modules\\wget\\bin;d:\\openserver\\modules\\git;d:\\openserver\\modules\\git\\bin;d:\\openserver\\modules\\git\\mingw\\bin;d:\\openserver\\modules\\git\\cmd;d:\\openserver\\modules\\database\\MySQL-5.7-x64\\bin;d:\\openserver\\modules\\http\\Apache-PHP-7-x64\\bin;d:\\openserver\\modules\\http\\Apache-PHP-7-x64;C:\\WINDOWS\\system32;C:\\WINDOWS;C:\\WINDOWS\\system32\\Wbem;C:\\WINDOWS\\SysWOW64'
    'SystemRoot' => 'C:\\WINDOWS'
    'COMSPEC' => 'C:\\WINDOWS\\system32\\cmd.exe'
    'PATHEXT' => '.COM;.EXE;.BAT;.CMD;.VBS;.VBE;.JS;.JSE;.WSF;.WSH;.MSC'
    'WINDIR' => 'C:\\WINDOWS'
    'SERVER_SIGNATURE' => ''
    'SERVER_SOFTWARE' => 'Apache'
    'SERVER_NAME' => 'chat'
    'SERVER_ADDR' => '127.0.0.1'
    'SERVER_PORT' => '80'
    'REMOTE_ADDR' => '127.0.0.1'
    'DOCUMENT_ROOT' => 'D:/OpenServer/domains/chat'
    'REQUEST_SCHEME' => 'http'
    'CONTEXT_PREFIX' => ''
    'CONTEXT_DOCUMENT_ROOT' => 'D:/OpenServer/domains/chat'
    'SERVER_ADMIN' => '[no address given]'
    'SCRIPT_FILENAME' => 'D:/OpenServer/domains/chat/web/index.php'
    'REMOTE_PORT' => '1117'
    'REDIRECT_URL' => '/web/site/index'
    'GATEWAY_INTERFACE' => 'CGI/1.1'
    'SERVER_PROTOCOL' => 'HTTP/1.1'
    'REQUEST_METHOD' => 'GET'
    'QUERY_STRING' => ''
    'REQUEST_URI' => '/web/site/index'
    'SCRIPT_NAME' => '/web/index.php'
    'PHP_SELF' => '/web/index.php'
    'REQUEST_TIME_FLOAT' => 1612607688.953
    'REQUEST_TIME' => 1612607688
    'argv' => []
    'argc' => 0
]
2021-02-06 13:34:52 [127.0.0.1][-][-][error][yii\web\HttpException:404] yii\base\InvalidRouteException: Unable to resolve the request "". in D:\OpenServer\domains\chat\vendor\yiisoft\yii2\base\Module.php:543
Stack trace:
#0 D:\OpenServer\domains\chat\vendor\yiisoft\yii2\web\Application.php(104): yii\base\Module->runAction('', Array)
#1 D:\OpenServer\domains\chat\vendor\yiisoft\yii2\base\Application.php(392): yii\web\Application->handleRequest(Object(yii\web\Request))
#2 D:\OpenServer\domains\chat\web\index.php(12): yii\base\Application->run()
#3 {main}

Next yii\web\NotFoundHttpException: Page not found. in D:\OpenServer\domains\chat\vendor\yiisoft\yii2\web\Application.php:116
Stack trace:
#0 D:\OpenServer\domains\chat\vendor\yiisoft\yii2\base\Application.php(392): yii\web\Application->handleRequest(Object(yii\web\Request))
#1 D:\OpenServer\domains\chat\web\index.php(12): yii\base\Application->run()
#2 {main}
2021-02-06 13:34:52 [127.0.0.1][-][-][info][application] $_GET = []

$_POST = []

$_FILES = []

$_COOKIE = [
    'PHPSESSID' => 'gg1jdpanuq1p4qk1a8hcdp3vunljaggm'
    '_csrf' => '7a715286f876e415f0ae289d8f3014974a85183b295bcd0b05c2fe53c427a79ca:2:{i:0;s:5:\"_csrf\";i:1;s:32:\"x9jsTvdNnFTPN020O-ie3ldUiDMAXg8S\";}'
]

$_SESSION = [
    '__flash' => []
]

$_SERVER = [
    'REDIRECT_STATUS' => '200'
    'HTTP_HOST' => 'chat'
    'HTTP_CONNECTION' => 'keep-alive'
    'HTTP_UPGRADE_INSECURE_REQUESTS' => '1'
    'HTTP_USER_AGENT' => 'Mozilla/5.0 (Windows NT 10.0; WOW64) AppleWebKit/537.36 (KHTML, like Gecko) Chrome/55.0.2883.75 Safari/537.36'
    'HTTP_ACCEPT' => 'text/html,application/xhtml+xml,application/xml;q=0.9,image/webp,*/*;q=0.8'
    'HTTP_ACCEPT_ENCODING' => 'gzip, deflate, sdch'
    'HTTP_ACCEPT_LANGUAGE' => 'ru,en-US;q=0.8,en;q=0.6'
    'HTTP_COOKIE' => 'PHPSESSID=gg1jdpanuq1p4qk1a8hcdp3vunljaggm; _csrf=7a715286f876e415f0ae289d8f3014974a85183b295bcd0b05c2fe53c427a79ca%3A2%3A%7Bi%3A0%3Bs%3A5%3A%22_csrf%22%3Bi%3A1%3Bs%3A32%3A%22x9jsTvdNnFTPN020O-ie3ldUiDMAXg8S%22%3B%7D'
    'PATH' => 'd:\\openserver\\modules\\php\\PHP-7.1-x64\\ext;d:\\openserver\\modules\\php\\PHP-7.1-x64\\pear;d:\\openserver\\modules\\php\\PHP-7.1-x64\\pear\\bin;d:\\openserver\\modules\\php\\PHP-7.1-x64;d:\\openserver\\modules\\imagemagick;d:\\openserver\\modules\\wget\\bin;d:\\openserver\\modules\\git;d:\\openserver\\modules\\git\\bin;d:\\openserver\\modules\\git\\mingw\\bin;d:\\openserver\\modules\\git\\cmd;d:\\openserver\\modules\\database\\MySQL-5.7-x64\\bin;d:\\openserver\\modules\\http\\Apache-PHP-7-x64\\bin;d:\\openserver\\modules\\http\\Apache-PHP-7-x64;C:\\WINDOWS\\system32;C:\\WINDOWS;C:\\WINDOWS\\system32\\Wbem;C:\\WINDOWS\\SysWOW64'
    'SystemRoot' => 'C:\\WINDOWS'
    'COMSPEC' => 'C:\\WINDOWS\\system32\\cmd.exe'
    'PATHEXT' => '.COM;.EXE;.BAT;.CMD;.VBS;.VBE;.JS;.JSE;.WSF;.WSH;.MSC'
    'WINDIR' => 'C:\\WINDOWS'
    'SERVER_SIGNATURE' => ''
    'SERVER_SOFTWARE' => 'Apache'
    'SERVER_NAME' => 'chat'
    'SERVER_ADDR' => '127.0.0.1'
    'SERVER_PORT' => '80'
    'REMOTE_ADDR' => '127.0.0.1'
    'DOCUMENT_ROOT' => 'D:/OpenServer/domains/chat'
    'REQUEST_SCHEME' => 'http'
    'CONTEXT_PREFIX' => ''
    'CONTEXT_DOCUMENT_ROOT' => 'D:/OpenServer/domains/chat'
    'SERVER_ADMIN' => '[no address given]'
    'SCRIPT_FILENAME' => 'D:/OpenServer/domains/chat/web/index.php'
    'REMOTE_PORT' => '1118'
    'REDIRECT_URL' => '/'
    'GATEWAY_INTERFACE' => 'CGI/1.1'
    'SERVER_PROTOCOL' => 'HTTP/1.1'
    'REQUEST_METHOD' => 'GET'
    'QUERY_STRING' => ''
    'REQUEST_URI' => '/'
    'SCRIPT_NAME' => '/web/index.php'
    'PHP_SELF' => '/web/index.php'
    'REQUEST_TIME_FLOAT' => 1612607692.605
    'REQUEST_TIME' => 1612607692
    'argv' => []
    'argc' => 0
]
